{"/Users/natividadesusana/Downloads/enunciado__dona-marlene/src/app.ts": {"path":"/Users/natividadesusana/Downloads/enunciado__dona-marlene/src/app.ts","statementMap":{"0":{"start":{"line":1,"column":0},"end":{"line":1,"column":59}},"1":{"start":{"line":2,"column":0},"end":{"line":2,"column":28}},"2":{"start":{"line":4,"column":0},"end":{"line":4,"column":51}},"3":{"start":{"line":6,"column":0},"end":{"line":6,"column":16}},"4":{"start":{"line":8,"column":12},"end":{"line":8,"column":21}},"5":{"start":{"line":9,"column":0},"end":{"line":9,"column":16}},"6":{"start":{"line":11,"column":0},"end":{"line":11,"column":69}},"7":{"start":{"line":11,"column":52},"end":{"line":11,"column":67}},"8":{"start":{"line":12,"column":0},"end":{"line":12,"column":22}},"9":{"start":{"line":14,"column":0},"end":{"line":14,"column":19}}},"fnMap":{"0":{"name":"(anonymous_7)","decl":{"start":{"line":11,"column":19},"end":{"line":11,"column":20}},"loc":{"start":{"line":11,"column":52},"end":{"line":11,"column":67}}}},"branchMap":{},"s":{"0":2,"1":2,"2":2,"3":2,"4":2,"5":2,"6":2,"7":1,"8":2,"9":2},"f":{"0":1},"b":{}}
,"/Users/natividadesusana/Downloads/enunciado__dona-marlene/src/controllers/fruits-controller.ts": {"path":"/Users/natividadesusana/Downloads/enunciado__dona-marlene/src/controllers/fruits-controller.ts","statementMap":{"0":{"start":{"line":2,"column":0},"end":{"line":2,"column":37}},"1":{"start":{"line":3,"column":0},"end":{"line":3,"column":71}},"2":{"start":{"line":4,"column":0},"end":{"line":4,"column":48}},"3":{"start":{"line":7,"column":17},"end":{"line":7,"column":48}},"4":{"start":{"line":8,"column":2},"end":{"line":8,"column":19}},"5":{"start":{"line":6,"column":0},"end":{"line":6,"column":22}},"6":{"start":{"line":12,"column":13},"end":{"line":12,"column":36}},"7":{"start":{"line":13,"column":2},"end":{"line":13,"column":66}},"8":{"start":{"line":13,"column":20},"end":{"line":13,"column":66}},"9":{"start":{"line":15,"column":2},"end":{"line":21,"column":null}},"10":{"start":{"line":16,"column":18},"end":{"line":16,"column":58}},"11":{"start":{"line":17,"column":4},"end":{"line":17,"column":20}},"12":{"start":{"line":19,"column":4},"end":{"line":19,"column":23}},"13":{"start":{"line":20,"column":4},"end":{"line":20,"column":41}},"14":{"start":{"line":11,"column":0},"end":{"line":11,"column":22}},"15":{"start":{"line":25,"column":16},"end":{"line":25,"column":38}},"16":{"start":{"line":26,"column":2},"end":{"line":32,"column":null}},"17":{"start":{"line":27,"column":4},"end":{"line":27,"column":43}},"18":{"start":{"line":28,"column":4},"end":{"line":28,"column":39}},"19":{"start":{"line":30,"column":4},"end":{"line":30,"column":23}},"20":{"start":{"line":31,"column":4},"end":{"line":31,"column":40}},"21":{"start":{"line":24,"column":0},"end":{"line":24,"column":22}}},"fnMap":{"0":{"name":"getFruits","decl":{"start":{"line":6,"column":22},"end":{"line":6,"column":31}},"loc":{"start":{"line":6,"column":59},"end":{"line":9,"column":null}}},"1":{"name":"getSpecificFruit","decl":{"start":{"line":11,"column":22},"end":{"line":11,"column":38}},"loc":{"start":{"line":11,"column":66},"end":{"line":22,"column":null}}},"2":{"name":"createFruit","decl":{"start":{"line":24,"column":22},"end":{"line":24,"column":33}},"loc":{"start":{"line":24,"column":61},"end":{"line":33,"column":null}}}},"branchMap":{"0":{"loc":{"start":{"line":13,"column":2},"end":{"line":13,"column":66}},"type":"if","locations":[{"start":{"line":13,"column":2},"end":{"line":13,"column":66}}]}},"s":{"0":2,"1":2,"2":2,"3":2,"4":2,"5":2,"6":3,"7":3,"8":1,"9":2,"10":2,"11":1,"12":1,"13":1,"14":2,"15":2,"16":2,"17":2,"18":1,"19":1,"20":1,"21":2},"f":{"0":2,"1":3,"2":2},"b":{"0":[1]}}
,"/Users/natividadesusana/Downloads/enunciado__dona-marlene/src/database/index.ts": {"path":"/Users/natividadesusana/Downloads/enunciado__dona-marlene/src/database/index.ts","statementMap":{"0":{"start":{"line":1,"column":0},"end":{"line":1,"column":46}},"1":{"start":{"line":2,"column":15},"end":{"line":2,"column":33}},"2":{"start":{"line":4,"column":0},"end":{"line":4,"column":22}}},"fnMap":{},"branchMap":{},"s":{"0":2,"1":2,"2":2},"f":{},"b":{}}
,"/Users/natividadesusana/Downloads/enunciado__dona-marlene/src/errors/conflict-error.ts": {"path":"/Users/natividadesusana/Downloads/enunciado__dona-marlene/src/errors/conflict-error.ts","statementMap":{"0":{"start":{"line":2,"column":19},"end":{"line":2,"column":40}},"1":{"start":{"line":3,"column":2},"end":{"line":5,"column":null}},"2":{"start":{"line":1,"column":0},"end":{"line":1,"column":16}}},"fnMap":{"0":{"name":"conflictError","decl":{"start":{"line":1,"column":16},"end":{"line":1,"column":29}},"loc":{"start":{"line":1,"column":46},"end":{"line":6,"column":1}}}},"branchMap":{"0":{"loc":{"start":{"line":2,"column":19},"end":{"line":2,"column":40}},"type":"binary-expr","locations":[{"start":{"line":2,"column":19},"end":{"line":2,"column":26}},{"start":{"line":2,"column":30},"end":{"line":2,"column":40}}]}},"s":{"0":1,"1":1,"2":2},"f":{"0":1},"b":{"0":[1,1]}}
,"/Users/natividadesusana/Downloads/enunciado__dona-marlene/src/errors/notfound-error.ts": {"path":"/Users/natividadesusana/Downloads/enunciado__dona-marlene/src/errors/notfound-error.ts","statementMap":{"0":{"start":{"line":2,"column":19},"end":{"line":2,"column":41}},"1":{"start":{"line":3,"column":2},"end":{"line":5,"column":null}},"2":{"start":{"line":1,"column":0},"end":{"line":1,"column":16}}},"fnMap":{"0":{"name":"notFoundError","decl":{"start":{"line":1,"column":16},"end":{"line":1,"column":29}},"loc":{"start":{"line":1,"column":46},"end":{"line":6,"column":1}}}},"branchMap":{"0":{"loc":{"start":{"line":2,"column":19},"end":{"line":2,"column":41}},"type":"binary-expr","locations":[{"start":{"line":2,"column":19},"end":{"line":2,"column":26}},{"start":{"line":2,"column":30},"end":{"line":2,"column":41}}]}},"s":{"0":1,"1":1,"2":2},"f":{"0":1},"b":{"0":[1,1]}}
,"/Users/natividadesusana/Downloads/enunciado__dona-marlene/src/middlewares/schemaValidatorMiddleware.ts": {"path":"/Users/natividadesusana/Downloads/enunciado__dona-marlene/src/middlewares/schemaValidatorMiddleware.ts","statementMap":{"0":{"start":{"line":2,"column":0},"end":{"line":2,"column":37}},"1":{"start":{"line":6,"column":2},"end":{"line":13,"column":4}},"2":{"start":{"line":7,"column":23},"end":{"line":7,"column":48}},"3":{"start":{"line":8,"column":4},"end":{"line":10,"column":null}},"4":{"start":{"line":9,"column":6},"end":{"line":9,"column":99}},"5":{"start":{"line":12,"column":4},"end":{"line":12,"column":11}},"6":{"start":{"line":5,"column":0},"end":{"line":5,"column":16}}},"fnMap":{"0":{"name":"validateSchemaMiddleware","decl":{"start":{"line":5,"column":16},"end":{"line":5,"column":40}},"loc":{"start":{"line":5,"column":61},"end":{"line":14,"column":1}}},"1":{"name":"(anonymous_2)","decl":{"start":{"line":6,"column":9},"end":{"line":6,"column":10}},"loc":{"start":{"line":6,"column":61},"end":{"line":13,"column":3}}}},"branchMap":{"0":{"loc":{"start":{"line":8,"column":4},"end":{"line":10,"column":null}},"type":"if","locations":[{"start":{"line":8,"column":4},"end":{"line":10,"column":null}}]}},"s":{"0":2,"1":2,"2":3,"3":3,"4":1,"5":2,"6":2},"f":{"0":2,"1":3},"b":{"0":[1]}}
,"/Users/natividadesusana/Downloads/enunciado__dona-marlene/src/repositories/fruits-repository.ts": {"path":"/Users/natividadesusana/Downloads/enunciado__dona-marlene/src/repositories/fruits-repository.ts","statementMap":{"0":{"start":{"line":2,"column":0},"end":{"line":2,"column":33}},"1":{"start":{"line":5,"column":2},"end":{"line":5,"column":33}},"2":{"start":{"line":9,"column":2},"end":{"line":13,"column":5}},"3":{"start":{"line":17,"column":2},"end":{"line":21,"column":5}},"4":{"start":{"line":25,"column":2},"end":{"line":27,"column":5}},"5":{"start":{"line":30,"column":25},"end":{"line":35,"column":2}},"6":{"start":{"line":37,"column":0},"end":{"line":37,"column":32}}},"fnMap":{"0":{"name":"getFruits","decl":{"start":{"line":4,"column":9},"end":{"line":4,"column":18}},"loc":{"start":{"line":4,"column":18},"end":{"line":6,"column":1}}},"1":{"name":"getSpecificFruit","decl":{"start":{"line":8,"column":9},"end":{"line":8,"column":25}},"loc":{"start":{"line":8,"column":36},"end":{"line":14,"column":1}}},"2":{"name":"getSpecificFruitByName","decl":{"start":{"line":16,"column":9},"end":{"line":16,"column":31}},"loc":{"start":{"line":16,"column":44},"end":{"line":22,"column":1}}},"3":{"name":"insertFruit","decl":{"start":{"line":24,"column":9},"end":{"line":24,"column":20}},"loc":{"start":{"line":24,"column":38},"end":{"line":28,"column":1}}}},"branchMap":{},"s":{"0":2,"1":2,"2":2,"3":2,"4":1,"5":2,"6":2},"f":{"0":2,"1":2,"2":2,"3":1},"b":{}}
,"/Users/natividadesusana/Downloads/enunciado__dona-marlene/src/routers/fruits-router.ts": {"path":"/Users/natividadesusana/Downloads/enunciado__dona-marlene/src/routers/fruits-router.ts","statementMap":{"0":{"start":{"line":1,"column":0},"end":{"line":1,"column":33}},"1":{"start":{"line":3,"column":0},"end":{"line":3,"column":92}},"2":{"start":{"line":4,"column":0},"end":{"line":4,"column":84}},"3":{"start":{"line":5,"column":0},"end":{"line":5,"column":54}},"4":{"start":{"line":7,"column":21},"end":{"line":7,"column":29}},"5":{"start":{"line":9,"column":0},"end":{"line":9,"column":39}},"6":{"start":{"line":10,"column":0},"end":{"line":10,"column":50}},"7":{"start":{"line":11,"column":0},"end":{"line":11,"column":81}},"8":{"start":{"line":13,"column":0},"end":{"line":13,"column":28}}},"fnMap":{},"branchMap":{},"s":{"0":2,"1":2,"2":2,"3":2,"4":2,"5":2,"6":2,"7":2,"8":2},"f":{},"b":{}}
,"/Users/natividadesusana/Downloads/enunciado__dona-marlene/src/schemas/fruit-schema.ts": {"path":"/Users/natividadesusana/Downloads/enunciado__dona-marlene/src/schemas/fruit-schema.ts","statementMap":{"0":{"start":{"line":1,"column":0},"end":{"line":1,"column":22}},"1":{"start":{"line":4,"column":13},"end":{"line":7,"column":3}}},"fnMap":{},"branchMap":{},"s":{"0":2,"1":2},"f":{},"b":{}}
,"/Users/natividadesusana/Downloads/enunciado__dona-marlene/src/services/fruits-service.ts": {"path":"/Users/natividadesusana/Downloads/enunciado__dona-marlene/src/services/fruits-service.ts","statementMap":{"0":{"start":{"line":1,"column":0},"end":{"line":1,"column":57}},"1":{"start":{"line":2,"column":0},"end":{"line":2,"column":57}},"2":{"start":{"line":3,"column":0},"end":{"line":3,"column":65}},"3":{"start":{"line":9,"column":17},"end":{"line":9,"column":51}},"4":{"start":{"line":10,"column":2},"end":{"line":10,"column":16}},"5":{"start":{"line":14,"column":16},"end":{"line":14,"column":59}},"6":{"start":{"line":15,"column":2},"end":{"line":17,"column":null}},"7":{"start":{"line":16,"column":4},"end":{"line":16,"column":26}},"8":{"start":{"line":19,"column":2},"end":{"line":19,"column":15}},"9":{"start":{"line":23,"column":33},"end":{"line":24,"column":null}},"10":{"start":{"line":26,"column":2},"end":{"line":28,"column":null}},"11":{"start":{"line":27,"column":4},"end":{"line":27,"column":26}},"12":{"start":{"line":30,"column":2},"end":{"line":30,"column":44}},"13":{"start":{"line":33,"column":22},"end":{"line":37,"column":2}},"14":{"start":{"line":39,"column":0},"end":{"line":39,"column":29}}},"fnMap":{"0":{"name":"getFruits","decl":{"start":{"line":8,"column":15},"end":{"line":8,"column":24}},"loc":{"start":{"line":8,"column":24},"end":{"line":11,"column":null}}},"1":{"name":"getSpecificFruit","decl":{"start":{"line":13,"column":15},"end":{"line":13,"column":31}},"loc":{"start":{"line":13,"column":42},"end":{"line":20,"column":null}}},"2":{"name":"createFruit","decl":{"start":{"line":22,"column":15},"end":{"line":22,"column":26}},"loc":{"start":{"line":22,"column":44},"end":{"line":31,"column":null}}}},"branchMap":{"0":{"loc":{"start":{"line":15,"column":2},"end":{"line":17,"column":null}},"type":"if","locations":[{"start":{"line":15,"column":2},"end":{"line":17,"column":null}}]},"1":{"loc":{"start":{"line":26,"column":2},"end":{"line":28,"column":null}},"type":"if","locations":[{"start":{"line":26,"column":2},"end":{"line":28,"column":null}}]}},"s":{"0":2,"1":2,"2":2,"3":2,"4":2,"5":2,"6":2,"7":1,"8":1,"9":2,"10":2,"11":1,"12":1,"13":2,"14":2},"f":{"0":2,"1":2,"2":2},"b":{"0":[1],"1":[1]}}
,"/Users/natividadesusana/Downloads/enunciado__dona-marlene/src/utils/id-validator.ts": {"path":"/Users/natividadesusana/Downloads/enunciado__dona-marlene/src/utils/id-validator.ts","statementMap":{"0":{"start":{"line":2,"column":2},"end":{"line":2,"column":30}},"1":{"start":{"line":1,"column":0},"end":{"line":1,"column":16}}},"fnMap":{"0":{"name":"isValid","decl":{"start":{"line":1,"column":16},"end":{"line":1,"column":23}},"loc":{"start":{"line":1,"column":34},"end":{"line":3,"column":1}}}},"branchMap":{"0":{"loc":{"start":{"line":2,"column":9},"end":{"line":2,"column":29}},"type":"binary-expr","locations":[{"start":{"line":2,"column":9},"end":{"line":2,"column":19}},{"start":{"line":2,"column":23},"end":{"line":2,"column":29}}]}},"s":{"0":3,"1":2},"f":{"0":3},"b":{"0":[3,2]}}
,"/Users/natividadesusana/Downloads/enunciado__dona-marlene/tests/factories/fruits-factory.ts": {"path":"/Users/natividadesusana/Downloads/enunciado__dona-marlene/tests/factories/fruits-factory.ts","statementMap":{"0":{"start":{"line":1,"column":0},"end":{"line":1,"column":30}},"1":{"start":{"line":2,"column":0},"end":{"line":2,"column":40}},"2":{"start":{"line":6,"column":2},"end":{"line":14,"column":5}},"3":{"start":{"line":4,"column":0},"end":{"line":4,"column":22}}},"fnMap":{"0":{"name":"buildFruit","decl":{"start":{"line":4,"column":22},"end":{"line":4,"column":32}},"loc":{"start":{"line":4,"column":62},"end":{"line":15,"column":null}}}},"branchMap":{"0":{"loc":{"start":{"line":8,"column":12},"end":{"line":8,"column":44}},"type":"binary-expr","locations":[{"start":{"line":8,"column":12},"end":{"line":8,"column":16}},{"start":{"line":8,"column":20},"end":{"line":8,"column":44}}]},"1":{"loc":{"start":{"line":9,"column":13},"end":{"line":12,"column":10}},"type":"binary-expr","locations":[{"start":{"line":9,"column":13},"end":{"line":9,"column":18}},{"start":{"line":9,"column":22},"end":{"line":12,"column":10}}]}},"s":{"0":1,"1":1,"2":6,"3":1},"f":{"0":6},"b":{"0":[6,2],"1":[6,6]}}
}
