TN:
SF:src/app.ts
FN:11,(anonymous_7)
FNF:1
FNH:0
FNDA:0,(anonymous_7)
DA:1,1
DA:2,1
DA:4,1
DA:6,1
DA:8,1
DA:9,1
DA:11,1
DA:12,1
DA:14,1
LF:9
LH:9
BRF:0
BRH:0
end_of_record
TN:
SF:src/controllers/fruits-controller.ts
FN:7,getFruits
FN:12,getSpecificFruit
FN:25,createFruit
FNF:3
FNH:2
FNDA:0,getFruits
FNDA:2,getSpecificFruit
FNDA:1,createFruit
DA:2,1
DA:4,1
DA:5,1
DA:7,1
DA:8,0
DA:9,0
DA:12,1
DA:13,2
DA:14,2
DA:16,1
DA:17,1
DA:18,0
DA:20,1
DA:21,1
DA:25,1
DA:26,1
DA:27,1
DA:28,1
DA:29,1
DA:31,0
DA:32,0
LF:21
LH:16
BRDA:14,0,0,1
BRF:1
BRH:1
end_of_record
TN:
SF:src/data/fruits.ts
FNF:0
FNH:0
DA:3,1
DA:5,1
LF:2
LH:2
BRF:0
BRH:0
end_of_record
TN:
SF:src/errors/conflict-error.ts
FN:1,conflictError
FNF:1
FNH:1
FNDA:3,conflictError
DA:1,1
DA:2,3
DA:3,3
LF:3
LH:3
BRDA:2,0,0,3
BRDA:2,0,1,3
BRF:2
BRH:2
end_of_record
TN:
SF:src/errors/notfound-error.ts
FN:1,notFoundError
FNF:1
FNH:1
FNDA:1,notFoundError
DA:1,1
DA:2,1
DA:3,1
LF:3
LH:3
BRDA:2,0,0,1
BRDA:2,0,1,1
BRF:2
BRH:2
end_of_record
TN:
SF:src/middlewares/schemaValidatorMiddleware.ts
FN:5,validateSchemaMiddleware
FN:6,(anonymous_2)
FNF:2
FNH:2
FNDA:1,validateSchemaMiddleware
FNDA:2,(anonymous_2)
DA:2,1
DA:5,1
DA:6,1
DA:7,2
DA:8,2
DA:9,1
DA:12,1
LF:7
LH:7
BRDA:8,0,0,1
BRF:1
BRH:1
end_of_record
TN:
SF:src/repositories/fruits-repository.ts
FN:10,getFruits
FN:14,getSpecificFruit
FN:15,(anonymous_3)
FN:20,getSpecificFruitByName
FN:21,(anonymous_5)
FN:26,insertFruit
FNF:6
FNH:5
FNDA:0,getFruits
FNDA:1,getSpecificFruit
FNDA:1,(anonymous_3)
FNDA:4,getSpecificFruitByName
FNDA:3,(anonymous_5)
FNDA:1,insertFruit
DA:1,1
DA:11,0
DA:15,1
DA:16,1
DA:21,4
DA:22,3
DA:27,1
DA:28,1
DA:31,1
DA:38,1
LF:10
LH:9
BRF:0
BRH:0
end_of_record
TN:
SF:src/routers/fruits-router.ts
FNF:0
FNH:0
DA:1,1
DA:3,1
DA:4,1
DA:5,1
DA:7,1
DA:9,1
DA:10,1
DA:11,1
DA:13,1
LF:9
LH:9
BRF:0
BRH:0
end_of_record
TN:
SF:src/schemas/fruit-schema.ts
FNF:0
FNH:0
DA:1,1
DA:4,1
LF:2
LH:2
BRF:0
BRH:0
end_of_record
TN:
SF:src/services/fruits-service.ts
FN:7,getFruits
FN:11,getSpecificFruit
FN:20,createFruit
FNF:3
FNH:2
FNDA:0,getFruits
FNDA:1,getSpecificFruit
FNDA:4,createFruit
DA:1,1
DA:2,1
DA:3,1
DA:8,0
DA:12,1
DA:13,1
DA:14,1
DA:17,0
DA:21,4
DA:22,4
DA:23,3
DA:26,1
DA:29,1
DA:35,1
LF:14
LH:12
BRDA:13,0,0,1
BRDA:22,1,0,3
BRF:2
BRH:2
end_of_record
TN:
SF:src/utils/id-validator.ts
FN:1,isValid
FNF:1
FNH:1
FNDA:2,isValid
DA:1,1
DA:2,2
LF:2
LH:2
BRDA:2,0,0,2
BRDA:2,0,1,1
BRF:2
BRH:2
end_of_record
TN:
SF:tests/factories/fruits-factory.ts
FN:5,createFruit
FNF:1
FNH:1
FNDA:1,createFruit
DA:3,1
DA:5,1
DA:6,1
DA:11,1
LF:4
LH:4
BRF:0
BRH:0
end_of_record
