TN:
SF:src/app.ts
FN:11,(anonymous_7)
FNF:1
FNH:1
FNDA:1,(anonymous_7)
DA:1,2
DA:2,2
DA:4,2
DA:6,2
DA:8,2
DA:9,2
DA:11,2
DA:12,2
DA:14,2
LF:9
LH:9
BRF:0
BRH:0
end_of_record
TN:
SF:src/controllers/fruits-controller.ts
FN:6,getFruits
FN:11,getSpecificFruit
FN:24,createFruit
FNF:3
FNH:3
FNDA:2,getFruits
FNDA:3,getSpecificFruit
FNDA:2,createFruit
DA:2,2
DA:3,2
DA:4,2
DA:6,2
DA:7,2
DA:8,2
DA:11,2
DA:12,3
DA:13,3
DA:15,2
DA:16,2
DA:17,1
DA:19,1
DA:20,1
DA:24,2
DA:25,2
DA:26,2
DA:27,2
DA:28,1
DA:30,1
DA:31,1
LF:21
LH:21
BRDA:13,0,0,1
BRF:1
BRH:1
end_of_record
TN:
SF:src/database/index.ts
FNF:0
FNH:0
DA:1,2
DA:2,2
DA:4,2
LF:3
LH:3
BRF:0
BRH:0
end_of_record
TN:
SF:src/errors/conflict-error.ts
FN:1,conflictError
FNF:1
FNH:1
FNDA:1,conflictError
DA:1,2
DA:2,1
DA:3,1
LF:3
LH:3
BRDA:2,0,0,1
BRDA:2,0,1,1
BRF:2
BRH:2
end_of_record
TN:
SF:src/errors/notfound-error.ts
FN:1,notFoundError
FNF:1
FNH:1
FNDA:1,notFoundError
DA:1,2
DA:2,1
DA:3,1
LF:3
LH:3
BRDA:2,0,0,1
BRDA:2,0,1,1
BRF:2
BRH:2
end_of_record
TN:
SF:src/middlewares/schemaValidatorMiddleware.ts
FN:5,validateSchemaMiddleware
FN:6,(anonymous_2)
FNF:2
FNH:2
FNDA:2,validateSchemaMiddleware
FNDA:3,(anonymous_2)
DA:2,2
DA:5,2
DA:6,2
DA:7,3
DA:8,3
DA:9,1
DA:12,2
LF:7
LH:7
BRDA:8,0,0,1
BRF:1
BRH:1
end_of_record
TN:
SF:src/repositories/fruits-repository.ts
FN:4,getFruits
FN:8,getSpecificFruit
FN:16,getSpecificFruitByName
FN:24,insertFruit
FNF:4
FNH:4
FNDA:2,getFruits
FNDA:2,getSpecificFruit
FNDA:2,getSpecificFruitByName
FNDA:1,insertFruit
DA:2,2
DA:5,2
DA:9,2
DA:17,2
DA:25,1
DA:30,2
DA:37,2
LF:7
LH:7
BRF:0
BRH:0
end_of_record
TN:
SF:src/routers/fruits-router.ts
FNF:0
FNH:0
DA:1,2
DA:3,2
DA:4,2
DA:5,2
DA:7,2
DA:9,2
DA:10,2
DA:11,2
DA:13,2
LF:9
LH:9
BRF:0
BRH:0
end_of_record
TN:
SF:src/schemas/fruit-schema.ts
FNF:0
FNH:0
DA:1,2
DA:4,2
LF:2
LH:2
BRF:0
BRH:0
end_of_record
TN:
SF:src/services/fruits-service.ts
FN:8,getFruits
FN:13,getSpecificFruit
FN:22,createFruit
FNF:3
FNH:3
FNDA:2,getFruits
FNDA:2,getSpecificFruit
FNDA:2,createFruit
DA:1,2
DA:2,2
DA:3,2
DA:9,2
DA:10,2
DA:14,2
DA:15,2
DA:16,1
DA:19,1
DA:23,2
DA:26,2
DA:27,1
DA:30,1
DA:33,2
DA:39,2
LF:15
LH:15
BRDA:15,0,0,1
BRDA:26,1,0,1
BRF:2
BRH:2
end_of_record
TN:
SF:src/utils/id-validator.ts
FN:1,isValid
FNF:1
FNH:1
FNDA:3,isValid
DA:1,2
DA:2,3
LF:2
LH:2
BRDA:2,0,0,3
BRDA:2,0,1,2
BRF:2
BRH:2
end_of_record
TN:
SF:tests/factories/fruits-factory.ts
FN:4,buildFruit
FNF:1
FNH:1
FNDA:6,buildFruit
DA:1,1
DA:2,1
DA:4,1
DA:6,6
LF:4
LH:4
BRDA:8,0,0,6
BRDA:8,0,1,2
BRDA:9,1,0,6
BRDA:9,1,1,6
BRF:4
BRH:4
end_of_record
